<?xml version="1.0" encoding="UTF-8"?>
<testsuite xmlns:xsi="http://www.w3.org/2001/XMLSchema-instance" xsi:noNamespaceSchemaLocation="https://maven.apache.org/surefire/maven-surefire-plugin/xsd/surefire-test-report.xsd" name="com.mybytistest.MyBatisAnnotationTest" time="62.122" tests="18" errors="2" skipped="0" failures="0">
  <properties>
    <property name="sun.desktop" value="windows"/>
    <property name="awt.toolkit" value="sun.awt.windows.WToolkit"/>
    <property name="java.specification.version" value="11"/>
    <property name="sun.cpu.isalist" value="amd64"/>
    <property name="sun.jnu.encoding" value="GBK"/>
    <property name="java.class.path" value="E:\workspace\MySpring\target\test-classes;E:\workspace\MySpring\target\classes;E:\maven_repository\org\jacoco\jacoco-maven-plugin\0.8.2\jacoco-maven-plugin-0.8.2.jar;E:\maven_repository\org\apache\maven\maven-plugin-api\2.2.1\maven-plugin-api-2.2.1.jar;E:\maven_repository\org\apache\maven\maven-project\2.2.1\maven-project-2.2.1.jar;E:\maven_repository\org\apache\maven\maven-settings\2.2.1\maven-settings-2.2.1.jar;E:\maven_repository\org\apache\maven\maven-profile\2.2.1\maven-profile-2.2.1.jar;E:\maven_repository\org\apache\maven\maven-model\2.2.1\maven-model-2.2.1.jar;E:\maven_repository\org\apache\maven\maven-artifact-manager\2.2.1\maven-artifact-manager-2.2.1.jar;E:\maven_repository\org\apache\maven\maven-repository-metadata\2.2.1\maven-repository-metadata-2.2.1.jar;E:\maven_repository\org\apache\maven\wagon\wagon-provider-api\1.0-beta-6\wagon-provider-api-1.0-beta-6.jar;E:\maven_repository\backport-util-concurrent\backport-util-concurrent\3.1\backport-util-concurrent-3.1.jar;E:\maven_repository\org\apache\maven\maven-plugin-registry\2.2.1\maven-plugin-registry-2.2.1.jar;E:\maven_repository\org\codehaus\plexus\plexus-interpolation\1.11\plexus-interpolation-1.11.jar;E:\maven_repository\org\apache\maven\maven-artifact\2.2.1\maven-artifact-2.2.1.jar;E:\maven_repository\org\codehaus\plexus\plexus-container-default\1.0-alpha-9-stable-1\plexus-container-default-1.0-alpha-9-stable-1.jar;E:\maven_repository\classworlds\classworlds\1.1-alpha-2\classworlds-1.1-alpha-2.jar;E:\maven_repository\org\codehaus\plexus\plexus-utils\3.0.22\plexus-utils-3.0.22.jar;E:\maven_repository\org\apache\maven\shared\file-management\1.2.1\file-management-1.2.1.jar;E:\maven_repository\org\apache\maven\shared\maven-shared-io\1.1\maven-shared-io-1.1.jar;E:\maven_repository\org\apache\maven\reporting\maven-reporting-api\2.2.1\maven-reporting-api-2.2.1.jar;E:\maven_repository\org\apache\maven\doxia\doxia-sink-api\1.1\doxia-sink-api-1.1.jar;E:\maven_repository\org\apache\maven\doxia\doxia-logging-api\1.1\doxia-logging-api-1.1.jar;E:\maven_repository\org\apache\maven\reporting\maven-reporting-impl\2.1\maven-reporting-impl-2.1.jar;E:\maven_repository\org\apache\maven\doxia\doxia-core\1.1.2\doxia-core-1.1.2.jar;E:\maven_repository\xerces\xercesImpl\2.8.1\xercesImpl-2.8.1.jar;E:\maven_repository\commons-lang\commons-lang\2.4\commons-lang-2.4.jar;E:\maven_repository\commons-httpclient\commons-httpclient\3.1\commons-httpclient-3.1.jar;E:\maven_repository\commons-codec\commons-codec\1.11\commons-codec-1.11.jar;E:\maven_repository\org\apache\maven\doxia\doxia-site-renderer\1.1.2\doxia-site-renderer-1.1.2.jar;E:\maven_repository\org\apache\maven\doxia\doxia-decoration-model\1.1.2\doxia-decoration-model-1.1.2.jar;E:\maven_repository\org\apache\maven\doxia\doxia-module-xhtml\1.1.2\doxia-module-xhtml-1.1.2.jar;E:\maven_repository\org\apache\maven\doxia\doxia-module-fml\1.1.2\doxia-module-fml-1.1.2.jar;E:\maven_repository\org\codehaus\plexus\plexus-i18n\1.0-beta-7\plexus-i18n-1.0-beta-7.jar;E:\maven_repository\org\codehaus\plexus\plexus-velocity\1.1.7\plexus-velocity-1.1.7.jar;E:\maven_repository\org\apache\velocity\velocity\1.5\velocity-1.5.jar;E:\maven_repository\commons-validator\commons-validator\1.2.0\commons-validator-1.2.0.jar;E:\maven_repository\commons-digester\commons-digester\1.6\commons-digester-1.6.jar;E:\maven_repository\oro\oro\2.0.8\oro-2.0.8.jar;E:\maven_repository\xml-apis\xml-apis\1.4.01\xml-apis-1.4.01.jar;E:\maven_repository\org\jacoco\org.jacoco.agent\0.8.2\org.jacoco.agent-0.8.2-runtime.jar;E:\maven_repository\org\jacoco\org.jacoco.core\0.8.2\org.jacoco.core-0.8.2.jar;E:\maven_repository\org\ow2\asm\asm\6.2.1\asm-6.2.1.jar;E:\maven_repository\org\ow2\asm\asm-commons\6.2.1\asm-commons-6.2.1.jar;E:\maven_repository\org\ow2\asm\asm-analysis\6.2.1\asm-analysis-6.2.1.jar;E:\maven_repository\org\ow2\asm\asm-tree\6.2.1\asm-tree-6.2.1.jar;E:\maven_repository\org\jacoco\org.jacoco.report\0.8.2\org.jacoco.report-0.8.2.jar;E:\maven_repository\com\puppycrawl\tools\checkstyle\8.43\checkstyle-8.43.jar;E:\maven_repository\info\picocli\picocli\4.6.1\picocli-4.6.1.jar;E:\maven_repository\antlr\antlr\2.7.7\antlr-2.7.7.jar;E:\maven_repository\org\antlr\antlr4-runtime\4.9.2\antlr4-runtime-4.9.2.jar;E:\maven_repository\commons-beanutils\commons-beanutils\1.9.4\commons-beanutils-1.9.4.jar;E:\maven_repository\commons-logging\commons-logging\1.2\commons-logging-1.2.jar;E:\maven_repository\commons-collections\commons-collections\3.2.2\commons-collections-3.2.2.jar;E:\maven_repository\com\google\guava\guava\30.1.1-jre\guava-30.1.1-jre.jar;E:\maven_repository\com\google\guava\failureaccess\1.0.1\failureaccess-1.0.1.jar;E:\maven_repository\com\google\guava\listenablefuture\9999.0-empty-to-avoid-conflict-with-guava\listenablefuture-9999.0-empty-to-avoid-conflict-with-guava.jar;E:\maven_repository\com\google\code\findbugs\jsr305\3.0.2\jsr305-3.0.2.jar;E:\maven_repository\org\checkerframework\checker-qual\3.8.0\checker-qual-3.8.0.jar;E:\maven_repository\com\google\errorprone\error_prone_annotations\2.5.1\error_prone_annotations-2.5.1.jar;E:\maven_repository\com\google\j2objc\j2objc-annotations\1.3\j2objc-annotations-1.3.jar;E:\maven_repository\org\reflections\reflections\0.9.12\reflections-0.9.12.jar;E:\maven_repository\org\javassist\javassist\3.26.0-GA\javassist-3.26.0-GA.jar;E:\maven_repository\net\sf\saxon\Saxon-HE\10.5\Saxon-HE-10.5.jar;E:\maven_repository\org\mybatis\spring\boot\mybatis-spring-boot-starter\2.1.1\mybatis-spring-boot-starter-2.1.1.jar;E:\maven_repository\org\mybatis\spring\boot\mybatis-spring-boot-autoconfigure\2.1.1\mybatis-spring-boot-autoconfigure-2.1.1.jar;E:\maven_repository\org\mybatis\mybatis\3.5.3\mybatis-3.5.3.jar;E:\maven_repository\org\mybatis\mybatis-spring\2.0.3\mybatis-spring-2.0.3.jar;E:\maven_repository\org\springframework\boot\spring-boot-starter-jdbc\2.1.3.RELEASE\spring-boot-starter-jdbc-2.1.3.RELEASE.jar;E:\maven_repository\com\zaxxer\HikariCP\3.2.0\HikariCP-3.2.0.jar;E:\maven_repository\org\slf4j\slf4j-api\1.7.25\slf4j-api-1.7.25.jar;E:\maven_repository\org\springframework\spring-jdbc\5.1.5.RELEASE\spring-jdbc-5.1.5.RELEASE.jar;E:\maven_repository\org\springframework\spring-beans\5.1.5.RELEASE\spring-beans-5.1.5.RELEASE.jar;E:\maven_repository\org\springframework\spring-tx\5.1.5.RELEASE\spring-tx-5.1.5.RELEASE.jar;E:\maven_repository\mysql\mysql-connector-java\8.0.15\mysql-connector-java-8.0.15.jar;E:\maven_repository\com\alibaba\druid\1.1.21\druid-1.1.21.jar;E:\maven_repository\org\springframework\boot\spring-boot-starter\2.1.3.RELEASE\spring-boot-starter-2.1.3.RELEASE.jar;E:\maven_repository\org\springframework\boot\spring-boot\2.1.3.RELEASE\spring-boot-2.1.3.RELEASE.jar;E:\maven_repository\org\springframework\spring-context\5.1.5.RELEASE\spring-context-5.1.5.RELEASE.jar;E:\maven_repository\org\springframework\spring-aop\5.1.5.RELEASE\spring-aop-5.1.5.RELEASE.jar;E:\maven_repository\org\springframework\spring-expression\5.1.5.RELEASE\spring-expression-5.1.5.RELEASE.jar;E:\maven_repository\org\springframework\boot\spring-boot-autoconfigure\2.1.3.RELEASE\spring-boot-autoconfigure-2.1.3.RELEASE.jar;E:\maven_repository\org\springframework\boot\spring-boot-starter-logging\2.1.3.RELEASE\spring-boot-starter-logging-2.1.3.RELEASE.jar;E:\maven_repository\ch\qos\logback\logback-classic\1.2.3\logback-classic-1.2.3.jar;E:\maven_repository\ch\qos\logback\logback-core\1.2.3\logback-core-1.2.3.jar;E:\maven_repository\org\apache\logging\log4j\log4j-to-slf4j\2.11.2\log4j-to-slf4j-2.11.2.jar;E:\maven_repository\org\apache\logging\log4j\log4j-api\2.11.2\log4j-api-2.11.2.jar;E:\maven_repository\org\slf4j\jul-to-slf4j\1.7.25\jul-to-slf4j-1.7.25.jar;E:\maven_repository\javax\annotation\javax.annotation-api\1.3.2\javax.annotation-api-1.3.2.jar;E:\maven_repository\org\springframework\spring-core\5.1.5.RELEASE\spring-core-5.1.5.RELEASE.jar;E:\maven_repository\org\springframework\spring-jcl\5.1.5.RELEASE\spring-jcl-5.1.5.RELEASE.jar;E:\maven_repository\org\yaml\snakeyaml\1.23\snakeyaml-1.23.jar;E:\maven_repository\org\springframework\boot\spring-boot-starter-test\2.1.3.RELEASE\spring-boot-starter-test-2.1.3.RELEASE.jar;E:\maven_repository\org\springframework\boot\spring-boot-test\2.1.3.RELEASE\spring-boot-test-2.1.3.RELEASE.jar;E:\maven_repository\org\springframework\boot\spring-boot-test-autoconfigure\2.1.3.RELEASE\spring-boot-test-autoconfigure-2.1.3.RELEASE.jar;E:\maven_repository\com\jayway\jsonpath\json-path\2.4.0\json-path-2.4.0.jar;E:\maven_repository\net\minidev\json-smart\2.3\json-smart-2.3.jar;E:\maven_repository\net\minidev\accessors-smart\1.2\accessors-smart-1.2.jar;E:\maven_repository\org\assertj\assertj-core\3.11.1\assertj-core-3.11.1.jar;E:\maven_repository\org\hamcrest\hamcrest-core\1.3\hamcrest-core-1.3.jar;E:\maven_repository\org\hamcrest\hamcrest-library\1.3\hamcrest-library-1.3.jar;E:\maven_repository\org\skyscreamer\jsonassert\1.5.0\jsonassert-1.5.0.jar;E:\maven_repository\com\vaadin\external\google\android-json\0.0.20131108.vaadin1\android-json-0.0.20131108.vaadin1.jar;E:\maven_repository\org\springframework\spring-test\5.1.5.RELEASE\spring-test-5.1.5.RELEASE.jar;E:\maven_repository\org\xmlunit\xmlunit-core\2.6.2\xmlunit-core-2.6.2.jar;E:\maven_repository\javax\xml\bind\jaxb-api\2.3.1\jaxb-api-2.3.1.jar;E:\maven_repository\javax\activation\javax.activation-api\1.2.0\javax.activation-api-1.2.0.jar;E:\maven_repository\org\projectlombok\lombok\1.18.6\lombok-1.18.6.jar;E:\maven_repository\log4j\log4j\1.2.17\log4j-1.2.17.jar;E:\maven_repository\junit\junit\4.13.2\junit-4.13.2.jar;E:\maven_repository\net\sourceforge\cglib\com.springsource.net.sf.cglib\2.1.3\com.springsource.net.sf.cglib-2.1.3.jar;E:\maven_repository\io\reactivex\rxjava2\rxjava\2.2.21\rxjava-2.2.21.jar;E:\maven_repository\org\reactivestreams\reactive-streams\1.0.2\reactive-streams-1.0.2.jar;E:\maven_repository\org\mockito\mockito-core\2.23.4\mockito-core-2.23.4.jar;E:\maven_repository\net\bytebuddy\byte-buddy\1.9.10\byte-buddy-1.9.10.jar;E:\maven_repository\net\bytebuddy\byte-buddy-agent\1.9.10\byte-buddy-agent-1.9.10.jar;E:\maven_repository\org\objenesis\objenesis\2.6\objenesis-2.6.jar;"/>
    <property name="java.vm.vendor" value="JetBrains s.r.o"/>
    <property name="sun.arch.data.model" value="64"/>
    <property name="user.variant" value=""/>
    <property name="java.vendor.url" value="https://www.jetbrains.com/"/>
    <property name="user.timezone" value="Asia/Shanghai"/>
    <property name="java.vm.specification.version" value="11"/>
    <property name="os.name" value="Windows 10"/>
    <property name="sun.java.launcher" value="SUN_STANDARD"/>
    <property name="user.country" value="CN"/>
    <property name="sun.boot.library.path" value="E:\IntelliJ IDEA 2020.1\jbr\bin"/>
    <property name="sun.java.command" value="C:\Users\KingS\AppData\Local\Temp\surefire2857692687476720715\surefirebooter12047717243835450990.jar C:\Users\KingS\AppData\Local\Temp\surefire2857692687476720715 2021-06-28T16-50-02_304-jvmRun1 surefire14620185925117542655tmp surefire_017608782564335053208tmp"/>
    <property name="jdk.debug" value="release"/>
    <property name="surefire.test.class.path" value="E:\workspace\MySpring\target\test-classes;E:\workspace\MySpring\target\classes;E:\maven_repository\org\jacoco\jacoco-maven-plugin\0.8.2\jacoco-maven-plugin-0.8.2.jar;E:\maven_repository\org\apache\maven\maven-plugin-api\2.2.1\maven-plugin-api-2.2.1.jar;E:\maven_repository\org\apache\maven\maven-project\2.2.1\maven-project-2.2.1.jar;E:\maven_repository\org\apache\maven\maven-settings\2.2.1\maven-settings-2.2.1.jar;E:\maven_repository\org\apache\maven\maven-profile\2.2.1\maven-profile-2.2.1.jar;E:\maven_repository\org\apache\maven\maven-model\2.2.1\maven-model-2.2.1.jar;E:\maven_repository\org\apache\maven\maven-artifact-manager\2.2.1\maven-artifact-manager-2.2.1.jar;E:\maven_repository\org\apache\maven\maven-repository-metadata\2.2.1\maven-repository-metadata-2.2.1.jar;E:\maven_repository\org\apache\maven\wagon\wagon-provider-api\1.0-beta-6\wagon-provider-api-1.0-beta-6.jar;E:\maven_repository\backport-util-concurrent\backport-util-concurrent\3.1\backport-util-concurrent-3.1.jar;E:\maven_repository\org\apache\maven\maven-plugin-registry\2.2.1\maven-plugin-registry-2.2.1.jar;E:\maven_repository\org\codehaus\plexus\plexus-interpolation\1.11\plexus-interpolation-1.11.jar;E:\maven_repository\org\apache\maven\maven-artifact\2.2.1\maven-artifact-2.2.1.jar;E:\maven_repository\org\codehaus\plexus\plexus-container-default\1.0-alpha-9-stable-1\plexus-container-default-1.0-alpha-9-stable-1.jar;E:\maven_repository\classworlds\classworlds\1.1-alpha-2\classworlds-1.1-alpha-2.jar;E:\maven_repository\org\codehaus\plexus\plexus-utils\3.0.22\plexus-utils-3.0.22.jar;E:\maven_repository\org\apache\maven\shared\file-management\1.2.1\file-management-1.2.1.jar;E:\maven_repository\org\apache\maven\shared\maven-shared-io\1.1\maven-shared-io-1.1.jar;E:\maven_repository\org\apache\maven\reporting\maven-reporting-api\2.2.1\maven-reporting-api-2.2.1.jar;E:\maven_repository\org\apache\maven\doxia\doxia-sink-api\1.1\doxia-sink-api-1.1.jar;E:\maven_repository\org\apache\maven\doxia\doxia-logging-api\1.1\doxia-logging-api-1.1.jar;E:\maven_repository\org\apache\maven\reporting\maven-reporting-impl\2.1\maven-reporting-impl-2.1.jar;E:\maven_repository\org\apache\maven\doxia\doxia-core\1.1.2\doxia-core-1.1.2.jar;E:\maven_repository\xerces\xercesImpl\2.8.1\xercesImpl-2.8.1.jar;E:\maven_repository\commons-lang\commons-lang\2.4\commons-lang-2.4.jar;E:\maven_repository\commons-httpclient\commons-httpclient\3.1\commons-httpclient-3.1.jar;E:\maven_repository\commons-codec\commons-codec\1.11\commons-codec-1.11.jar;E:\maven_repository\org\apache\maven\doxia\doxia-site-renderer\1.1.2\doxia-site-renderer-1.1.2.jar;E:\maven_repository\org\apache\maven\doxia\doxia-decoration-model\1.1.2\doxia-decoration-model-1.1.2.jar;E:\maven_repository\org\apache\maven\doxia\doxia-module-xhtml\1.1.2\doxia-module-xhtml-1.1.2.jar;E:\maven_repository\org\apache\maven\doxia\doxia-module-fml\1.1.2\doxia-module-fml-1.1.2.jar;E:\maven_repository\org\codehaus\plexus\plexus-i18n\1.0-beta-7\plexus-i18n-1.0-beta-7.jar;E:\maven_repository\org\codehaus\plexus\plexus-velocity\1.1.7\plexus-velocity-1.1.7.jar;E:\maven_repository\org\apache\velocity\velocity\1.5\velocity-1.5.jar;E:\maven_repository\commons-validator\commons-validator\1.2.0\commons-validator-1.2.0.jar;E:\maven_repository\commons-digester\commons-digester\1.6\commons-digester-1.6.jar;E:\maven_repository\oro\oro\2.0.8\oro-2.0.8.jar;E:\maven_repository\xml-apis\xml-apis\1.4.01\xml-apis-1.4.01.jar;E:\maven_repository\org\jacoco\org.jacoco.agent\0.8.2\org.jacoco.agent-0.8.2-runtime.jar;E:\maven_repository\org\jacoco\org.jacoco.core\0.8.2\org.jacoco.core-0.8.2.jar;E:\maven_repository\org\ow2\asm\asm\6.2.1\asm-6.2.1.jar;E:\maven_repository\org\ow2\asm\asm-commons\6.2.1\asm-commons-6.2.1.jar;E:\maven_repository\org\ow2\asm\asm-analysis\6.2.1\asm-analysis-6.2.1.jar;E:\maven_repository\org\ow2\asm\asm-tree\6.2.1\asm-tree-6.2.1.jar;E:\maven_repository\org\jacoco\org.jacoco.report\0.8.2\org.jacoco.report-0.8.2.jar;E:\maven_repository\com\puppycrawl\tools\checkstyle\8.43\checkstyle-8.43.jar;E:\maven_repository\info\picocli\picocli\4.6.1\picocli-4.6.1.jar;E:\maven_repository\antlr\antlr\2.7.7\antlr-2.7.7.jar;E:\maven_repository\org\antlr\antlr4-runtime\4.9.2\antlr4-runtime-4.9.2.jar;E:\maven_repository\commons-beanutils\commons-beanutils\1.9.4\commons-beanutils-1.9.4.jar;E:\maven_repository\commons-logging\commons-logging\1.2\commons-logging-1.2.jar;E:\maven_repository\commons-collections\commons-collections\3.2.2\commons-collections-3.2.2.jar;E:\maven_repository\com\google\guava\guava\30.1.1-jre\guava-30.1.1-jre.jar;E:\maven_repository\com\google\guava\failureaccess\1.0.1\failureaccess-1.0.1.jar;E:\maven_repository\com\google\guava\listenablefuture\9999.0-empty-to-avoid-conflict-with-guava\listenablefuture-9999.0-empty-to-avoid-conflict-with-guava.jar;E:\maven_repository\com\google\code\findbugs\jsr305\3.0.2\jsr305-3.0.2.jar;E:\maven_repository\org\checkerframework\checker-qual\3.8.0\checker-qual-3.8.0.jar;E:\maven_repository\com\google\errorprone\error_prone_annotations\2.5.1\error_prone_annotations-2.5.1.jar;E:\maven_repository\com\google\j2objc\j2objc-annotations\1.3\j2objc-annotations-1.3.jar;E:\maven_repository\org\reflections\reflections\0.9.12\reflections-0.9.12.jar;E:\maven_repository\org\javassist\javassist\3.26.0-GA\javassist-3.26.0-GA.jar;E:\maven_repository\net\sf\saxon\Saxon-HE\10.5\Saxon-HE-10.5.jar;E:\maven_repository\org\mybatis\spring\boot\mybatis-spring-boot-starter\2.1.1\mybatis-spring-boot-starter-2.1.1.jar;E:\maven_repository\org\mybatis\spring\boot\mybatis-spring-boot-autoconfigure\2.1.1\mybatis-spring-boot-autoconfigure-2.1.1.jar;E:\maven_repository\org\mybatis\mybatis\3.5.3\mybatis-3.5.3.jar;E:\maven_repository\org\mybatis\mybatis-spring\2.0.3\mybatis-spring-2.0.3.jar;E:\maven_repository\org\springframework\boot\spring-boot-starter-jdbc\2.1.3.RELEASE\spring-boot-starter-jdbc-2.1.3.RELEASE.jar;E:\maven_repository\com\zaxxer\HikariCP\3.2.0\HikariCP-3.2.0.jar;E:\maven_repository\org\slf4j\slf4j-api\1.7.25\slf4j-api-1.7.25.jar;E:\maven_repository\org\springframework\spring-jdbc\5.1.5.RELEASE\spring-jdbc-5.1.5.RELEASE.jar;E:\maven_repository\org\springframework\spring-beans\5.1.5.RELEASE\spring-beans-5.1.5.RELEASE.jar;E:\maven_repository\org\springframework\spring-tx\5.1.5.RELEASE\spring-tx-5.1.5.RELEASE.jar;E:\maven_repository\mysql\mysql-connector-java\8.0.15\mysql-connector-java-8.0.15.jar;E:\maven_repository\com\alibaba\druid\1.1.21\druid-1.1.21.jar;E:\maven_repository\org\springframework\boot\spring-boot-starter\2.1.3.RELEASE\spring-boot-starter-2.1.3.RELEASE.jar;E:\maven_repository\org\springframework\boot\spring-boot\2.1.3.RELEASE\spring-boot-2.1.3.RELEASE.jar;E:\maven_repository\org\springframework\spring-context\5.1.5.RELEASE\spring-context-5.1.5.RELEASE.jar;E:\maven_repository\org\springframework\spring-aop\5.1.5.RELEASE\spring-aop-5.1.5.RELEASE.jar;E:\maven_repository\org\springframework\spring-expression\5.1.5.RELEASE\spring-expression-5.1.5.RELEASE.jar;E:\maven_repository\org\springframework\boot\spring-boot-autoconfigure\2.1.3.RELEASE\spring-boot-autoconfigure-2.1.3.RELEASE.jar;E:\maven_repository\org\springframework\boot\spring-boot-starter-logging\2.1.3.RELEASE\spring-boot-starter-logging-2.1.3.RELEASE.jar;E:\maven_repository\ch\qos\logback\logback-classic\1.2.3\logback-classic-1.2.3.jar;E:\maven_repository\ch\qos\logback\logback-core\1.2.3\logback-core-1.2.3.jar;E:\maven_repository\org\apache\logging\log4j\log4j-to-slf4j\2.11.2\log4j-to-slf4j-2.11.2.jar;E:\maven_repository\org\apache\logging\log4j\log4j-api\2.11.2\log4j-api-2.11.2.jar;E:\maven_repository\org\slf4j\jul-to-slf4j\1.7.25\jul-to-slf4j-1.7.25.jar;E:\maven_repository\javax\annotation\javax.annotation-api\1.3.2\javax.annotation-api-1.3.2.jar;E:\maven_repository\org\springframework\spring-core\5.1.5.RELEASE\spring-core-5.1.5.RELEASE.jar;E:\maven_repository\org\springframework\spring-jcl\5.1.5.RELEASE\spring-jcl-5.1.5.RELEASE.jar;E:\maven_repository\org\yaml\snakeyaml\1.23\snakeyaml-1.23.jar;E:\maven_repository\org\springframework\boot\spring-boot-starter-test\2.1.3.RELEASE\spring-boot-starter-test-2.1.3.RELEASE.jar;E:\maven_repository\org\springframework\boot\spring-boot-test\2.1.3.RELEASE\spring-boot-test-2.1.3.RELEASE.jar;E:\maven_repository\org\springframework\boot\spring-boot-test-autoconfigure\2.1.3.RELEASE\spring-boot-test-autoconfigure-2.1.3.RELEASE.jar;E:\maven_repository\com\jayway\jsonpath\json-path\2.4.0\json-path-2.4.0.jar;E:\maven_repository\net\minidev\json-smart\2.3\json-smart-2.3.jar;E:\maven_repository\net\minidev\accessors-smart\1.2\accessors-smart-1.2.jar;E:\maven_repository\org\assertj\assertj-core\3.11.1\assertj-core-3.11.1.jar;E:\maven_repository\org\hamcrest\hamcrest-core\1.3\hamcrest-core-1.3.jar;E:\maven_repository\org\hamcrest\hamcrest-library\1.3\hamcrest-library-1.3.jar;E:\maven_repository\org\skyscreamer\jsonassert\1.5.0\jsonassert-1.5.0.jar;E:\maven_repository\com\vaadin\external\google\android-json\0.0.20131108.vaadin1\android-json-0.0.20131108.vaadin1.jar;E:\maven_repository\org\springframework\spring-test\5.1.5.RELEASE\spring-test-5.1.5.RELEASE.jar;E:\maven_repository\org\xmlunit\xmlunit-core\2.6.2\xmlunit-core-2.6.2.jar;E:\maven_repository\javax\xml\bind\jaxb-api\2.3.1\jaxb-api-2.3.1.jar;E:\maven_repository\javax\activation\javax.activation-api\1.2.0\javax.activation-api-1.2.0.jar;E:\maven_repository\org\projectlombok\lombok\1.18.6\lombok-1.18.6.jar;E:\maven_repository\log4j\log4j\1.2.17\log4j-1.2.17.jar;E:\maven_repository\junit\junit\4.13.2\junit-4.13.2.jar;E:\maven_repository\net\sourceforge\cglib\com.springsource.net.sf.cglib\2.1.3\com.springsource.net.sf.cglib-2.1.3.jar;E:\maven_repository\io\reactivex\rxjava2\rxjava\2.2.21\rxjava-2.2.21.jar;E:\maven_repository\org\reactivestreams\reactive-streams\1.0.2\reactive-streams-1.0.2.jar;E:\maven_repository\org\mockito\mockito-core\2.23.4\mockito-core-2.23.4.jar;E:\maven_repository\net\bytebuddy\byte-buddy\1.9.10\byte-buddy-1.9.10.jar;E:\maven_repository\net\bytebuddy\byte-buddy-agent\1.9.10\byte-buddy-agent-1.9.10.jar;E:\maven_repository\org\objenesis\objenesis\2.6\objenesis-2.6.jar;"/>
    <property name="sun.cpu.endian" value="little"/>
    <property name="user.home" value="C:\Users\KingS"/>
    <property name="user.language" value="zh"/>
    <property name="java.specification.vendor" value="Oracle Corporation"/>
    <property name="java.version.date" value="2020-01-14"/>
    <property name="java.home" value="E:\IntelliJ IDEA 2020.1\jbr"/>
    <property name="file.separator" value="\"/>
    <property name="basedir" value="E:\workspace\MySpring"/>
    <property name="java.vm.compressedOopsMode" value="Zero based"/>
    <property name="line.separator" value="&#10;"/>
    <property name="java.specification.name" value="Java Platform API Specification"/>
    <property name="java.vm.specification.vendor" value="Oracle Corporation"/>
    <property name="java.awt.graphicsenv" value="sun.awt.Win32GraphicsEnvironment"/>
    <property name="surefire.real.class.path" value="C:\Users\KingS\AppData\Local\Temp\surefire2857692687476720715\surefirebooter12047717243835450990.jar"/>
    <property name="user.script" value=""/>
    <property name="sun.management.compiler" value="HotSpot 64-Bit Tiered Compilers"/>
    <property name="java.runtime.version" value="11.0.6+8-b765.25"/>
    <property name="user.name" value="KingS"/>
    <property name="path.separator" value=";"/>
    <property name="os.version" value="10.0"/>
    <property name="java.runtime.name" value="OpenJDK Runtime Environment"/>
    <property name="file.encoding" value="GBK"/>
    <property name="java.vm.name" value="OpenJDK 64-Bit Server VM"/>
    <property name="idea.version2020.1" value="true"/>
    <property name="localRepository" value="E:\maven_repository"/>
    <property name="java.vendor.url.bug" value="https://youtrack.jetbrains.com"/>
    <property name="java.io.tmpdir" value="C:\Users\KingS\AppData\Local\Temp\"/>
    <property name="java.version" value="11.0.6"/>
    <property name="user.dir" value="E:\workspace\MySpring"/>
    <property name="os.arch" value="amd64"/>
    <property name="java.vm.specification.name" value="Java Virtual Machine Specification"/>
    <property name="java.awt.printerjob" value="sun.awt.windows.WPrinterJob"/>
    <property name="sun.os.patch.level" value=""/>
    <property name="java.library.path" value="E:\IntelliJ IDEA 2020.1\jbr\bin;C:\WINDOWS\Sun\Java\bin;C:\WINDOWS\system32;C:\WINDOWS;C:\WINDOWS\system32;C:\WINDOWS;C:\WINDOWS\System32\Wbem;C:\WINDOWS\System32\WindowsPowerShell\v1.0\;C:\WINDOWS\System32\OpenSSH\;D:\python3;D:\python3\Scripts;E:\IntelliJ IDEA 2020.1\jbr\bin;C:\Program Files (x86)\NVIDIA Corporation\PhysX\Common;C:\Program Files\NVIDIA Corporation\NVIDIA NvDLISR;D:\Tomcat9\apache-tomcat-9.0.30\lib;D:\Tomcat9\apache-tomcat-9.0.30\bin;D:\IDEA\IntelliJ IDEA 2019.2.4\plugins\maven\lib\maven3\bin;D:\git\Git\cmd;C:\ProgramData\chocolatey\bin;D:\NodeJS\node_modules;D:\NodeJS\;D:\MySQL\MySQL Server 5.7\bin;D:\elasticsearch\elasticsearch-7.5.0\bin;D:\elasticsearch\kibana-7.5.0-windows-x86_64\bin;C:\WINDOWS\system32;C:\WINDOWS;C:\WINDOWS\System32\Wbem;C:\WINDOWS\System32\WindowsPowerShell\v1.0\;C:\WINDOWS\System32\OpenSSH\;C:\Program Files\dotnet\;C:\Program Files\Microsoft SQL Server\130\Tools\Binn\;C:\Program Files\Microsoft SQL Server\Client SDK\ODBC\170\Tools\Binn\;D:\IDEA\gradle\gradle-6.8.3\bin;D:\Xftp\;D:\Xshell\;C:\Users\KingS\AppData\Local\Microsoft\WindowsApps;C:\Users\KingS\AppData\Roaming\npm;D:\Clion\CLion 2020.2.1\CLion 2019.1.4\bin;;C:\Users\KingS\.dotnet\tools;E:\IntelliJ IDEA 2020.1\bin;;."/>
    <property name="java.vendor" value="JetBrains s.r.o"/>
    <property name="java.vm.info" value="mixed mode, sharing"/>
    <property name="java.vm.version" value="11.0.6+8-b765.25"/>
    <property name="sun.io.unicode.encoding" value="UnicodeLittle"/>
    <property name="maven.repo.local" value="E:\maven_repository"/>
    <property name="java.class.version" value="55.0"/>
  </properties>
  <testcase name="getConsumerByNameDynamicParam2Test" classname="com.mybytistest.MyBatisAnnotationTest" time="2.519"/>
  <testcase name="getConsumerByNameDynamicParam3Test" classname="com.mybytistest.MyBatisAnnotationTest" time="0.331"/>
  <testcase name="getFuzzyTest" classname="com.mybytistest.MyBatisAnnotationTest" time="0.294">
    <error message="Index 0 out of bounds for length 0" type="java.lang.IndexOutOfBoundsException">java.lang.IndexOutOfBoundsException: Index 0 out of bounds for length 0
	at com.mybytistest.MyBatisAnnotationTest.getFuzzyTest(MyBatisAnnotationTest.java:235)
</error>
    <system-out><![CDATA[
  .   ____          _            __ _ _
 /\\ / ___'_ __ _ _(_)_ __  __ _ \ \ \ \
( ( )\___ | '_ | '_| | '_ \/ _` | \ \ \ \
 \\/  ___)| |_)| | | | | || (_| |  ) ) ) )
  '  |____| .__|_| |_|_| |_\__, | / / / /
 =========|_|==============|___/=/_/_/_/
 :: Spring Boot ::        (v2.1.3.RELEASE)

2021-06-28 16:50:07.820  INFO 16668 --- [           main] o.a.maven.surefire.booter.ForkedBooter   : Starting ForkedBooter v2.22.1 on DESKTOP-TSE95J3 with PID 16668 (started by KingS in E:\workspace\MySpring)
2021-06-28 16:50:07.821  INFO 16668 --- [           main] o.a.maven.surefire.booter.ForkedBooter   : No active profile set, falling back to default profiles: default
2021-06-28 16:50:08.048  INFO 16668 --- [           main] o.s.s.c.ThreadPoolTaskScheduler          : Initializing ExecutorService 'taskScheduler'
2021-06-28 16:50:08.071  INFO 16668 --- [           main] o.a.maven.surefire.booter.ForkedBooter   : Started ForkedBooter in 0.273 seconds (JVM running for 3.667)
2021-06-28 16:50:08.075  INFO 16668 --- [           main] com.alibaba.druid.pool.DruidDataSource   : {dataSource-3} inited
]]></system-out>
  </testcase>
  <testcase name="getConsumerFrom2LCache" classname="com.mybytistest.MyBatisAnnotationTest" time="0.294"/>
  <testcase name="getConsumerByIdWithAccoutsTest" classname="com.mybytistest.MyBatisAnnotationTest" time="0.245"/>
  <testcase name="retAutoIncrePriKeyAfterInsert" classname="com.mybytistest.MyBatisAnnotationTest" time="0.47"/>
  <testcase name="insetTest" classname="com.mybytistest.MyBatisAnnotationTest" time="0.268"/>
  <testcase name="updateTest" classname="com.mybytistest.MyBatisAnnotationTest" time="0.269"/>
  <testcase name="getConsumerByNameDynamicParamTest" classname="com.mybytistest.MyBatisAnnotationTest" time="0.294"/>
  <testcase name="deleteOneByOneThenCommit" classname="com.mybytistest.MyBatisAnnotationTest" time="0.329"/>
  <testcase name="getAllTest" classname="com.mybytistest.MyBatisAnnotationTest" time="0.241">
    <error message="Index 0 out of bounds for length 0" type="java.lang.IndexOutOfBoundsException">java.lang.IndexOutOfBoundsException: Index 0 out of bounds for length 0
	at com.mybytistest.MyBatisAnnotationTest.getAllTest(MyBatisAnnotationTest.java:230)
</error>
    <system-out><![CDATA[
  .   ____          _            __ _ _
 /\\ / ___'_ __ _ _(_)_ __  __ _ \ \ \ \
( ( )\___ | '_ | '_| | '_ \/ _` | \ \ \ \
 \\/  ___)| |_)| | | | | || (_| |  ) ) ) )
  '  |____| .__|_| |_|_| |_\__, | / / / /
 =========|_|==============|___/=/_/_/_/
 :: Spring Boot ::        (v2.1.3.RELEASE)

2021-06-28 16:50:10.277  INFO 16668 --- [           main] o.a.maven.surefire.booter.ForkedBooter   : Starting ForkedBooter v2.22.1 on DESKTOP-TSE95J3 with PID 16668 (started by KingS in E:\workspace\MySpring)
2021-06-28 16:50:10.277  INFO 16668 --- [           main] o.a.maven.surefire.booter.ForkedBooter   : No active profile set, falling back to default profiles: default
2021-06-28 16:50:10.468  INFO 16668 --- [           main] o.s.s.c.ThreadPoolTaskScheduler          : Initializing ExecutorService 'taskScheduler'
2021-06-28 16:50:10.483  INFO 16668 --- [           main] o.a.maven.surefire.booter.ForkedBooter   : Started ForkedBooter in 0.222 seconds (JVM running for 6.079)
2021-06-28 16:50:10.486  INFO 16668 --- [           main] com.alibaba.druid.pool.DruidDataSource   : {dataSource-11} inited
]]></system-out>
  </testcase>
  <testcase name="consumeTimeTestInsert" classname="com.mybytistest.MyBatisAnnotationTest" time="24.898"/>
  <testcase name="getConsumerByNameImplProviderMethodResolverTest" classname="com.mybytistest.MyBatisAnnotationTest" time="1.506"/>
  <testcase name="transactionTest" classname="com.mybytistest.MyBatisAnnotationTest" time="10.29"/>
  <testcase name="getAccountByIdTest" classname="com.mybytistest.MyBatisAnnotationTest" time="0.219"/>
  <testcase name="deleteInRange" classname="com.mybytistest.MyBatisAnnotationTest" time="18.834"/>
  <testcase name="deleteTest" classname="com.mybytistest.MyBatisAnnotationTest" time="0.277"/>
  <testcase name="deleteInRange2" classname="com.mybytistest.MyBatisAnnotationTest" time="0.44"/>
</testsuite>